make: Entering directory '/home/armorer/development/linux/tools/testing/selftests'
make[1]: Entering directory '/home/armorer/development/linux/tools/testing/selftests/cpufreq'
make[1]: Nothing to be done for 'all'.
make[1]: Leaving directory '/home/armorer/development/linux/tools/testing/selftests/cpufreq'
make[1]: Entering directory '/home/armorer/development/linux/tools/testing/selftests/cpufreq'
TAP version 13
1..1
# timeout set to 45
# selftests: cpufreq: main.sh
# TAP version 13
# 1..1
# pid 27597's current affinity mask: f
# pid 27597's new affinity mask: 1
# *** RUNNING CPUFREQ SANITY TESTS ***
# ====================================
# 
# CPUFreq manages: 4 CPUs
# 
# ** Test: Running read_all_cpufreq_files **
# 
# Printing directory: /sys/devices/system/cpu/cpufreq
# 
# 
# Printing directory: /sys/devices/system/cpu/cpufreq/policy0
# 
# affected_cpus:0
# cpuinfo_max_freq:2700000
# cpuinfo_min_freq:500000
# cpuinfo_transition_latency:20000
# related_cpus:0
# scaling_available_governors:conservative ondemand userspace powersave performance schedutil 
# scaling_cur_freq:2623118
# scaling_driver:intel_cpufreq
# scaling_governor:schedutil
# scaling_max_freq:2700000
# scaling_min_freq:500000
# scaling_setspeed:<unsupported>
# 
# 
# Printing directory: /sys/devices/system/cpu/cpufreq/policy1
# 
# affected_cpus:1
# cpuinfo_max_freq:2700000
# cpuinfo_min_freq:500000
# cpuinfo_transition_latency:20000
# related_cpus:1
# scaling_available_governors:conservative ondemand userspace powersave performance schedutil 
# scaling_cur_freq:2494355
# scaling_driver:intel_cpufreq
# scaling_governor:schedutil
# scaling_max_freq:2700000
# scaling_min_freq:500000
# scaling_setspeed:<unsupported>
# 
# 
# Printing directory: /sys/devices/system/cpu/cpufreq/policy2
# 
# affected_cpus:2
# cpuinfo_max_freq:2700000
# cpuinfo_min_freq:500000
# cpuinfo_transition_latency:20000
# related_cpus:2
# scaling_available_governors:conservative ondemand userspace powersave performance schedutil 
# scaling_cur_freq:2495258
# scaling_driver:intel_cpufreq
# scaling_governor:schedutil
# scaling_max_freq:2700000
# scaling_min_freq:500000
# scaling_setspeed:<unsupported>
# 
# 
# Printing directory: /sys/devices/system/cpu/cpufreq/policy3
# 
# affected_cpus:3
# cpuinfo_max_freq:2700000
# cpuinfo_min_freq:500000
# cpuinfo_transition_latency:20000
# related_cpus:3
# scaling_available_governors:conservative ondemand userspace powersave performance schedutil 
# scaling_cur_freq:2494444
# scaling_driver:intel_cpufreq
# scaling_governor:schedutil
# scaling_max_freq:2700000
# scaling_min_freq:500000
# scaling_setspeed:<unsupported>
# 
# 
# Printing directory: /sys/devices/system/cpu/cpufreq/schedutil
# 
# rate_limit_us:500
# 
# 
# ------------------------------------------------
# 
# ** Test: Running update_all_cpufreq_files **
# 
# Updating directory: /sys/devices/system/cpu/cpufreq
# 
# 
# Updating directory: /sys/devices/system/cpu/cpufreq/policy0
# 
# Writing schedutil to: scaling_governor
# Writing 2700000 to: scaling_max_freq
# Writing 500000 to: scaling_min_freq
# 
# 
# Updating directory: /sys/devices/system/cpu/cpufreq/policy1
# 
# Writing schedutil to: scaling_governor
# Writing 2700000 to: scaling_max_freq
# Writing 500000 to: scaling_min_freq
# 
# 
# Updating directory: /sys/devices/system/cpu/cpufreq/policy2
# 
# Writing schedutil to: scaling_governor
# Writing 2700000 to: scaling_max_freq
# Writing 500000 to: scaling_min_freq
# 
# 
# Updating directory: /sys/devices/system/cpu/cpufreq/policy3
# 
# Writing schedutil to: scaling_governor
# Writing 2700000 to: scaling_max_freq
# Writing 500000 to: scaling_min_freq
# 
# 
# Updating directory: /sys/devices/system/cpu/cpufreq/schedutil
# 
# Writing 500 to: rate_limit_us
# 
# 
# ------------------------------------------------
# 
# ** Test: Running reboot_cpus for 5 loops **
# 
# Offline cpu1
# Offline cpu2
# Offline cpu3
# Online cpu1
# Online cpu2
# Online cpu3
# 
# Offline cpu1
# Offline cpu2
# Offline cpu3
# Online cpu1
# Online cpu2
# Online cpu3
# 
# Offline cpu1
# Offline cpu2
# Offline cpu3
# Online cpu1
# Online cpu2
# Online cpu3
# 
# Offline cpu1
# Offline cpu2
# Offline cpu3
# Online cpu1
# Online cpu2
# Online cpu3
# 
# Offline cpu1
# Offline cpu2
# Offline cpu3
# Online cpu1
# Online cpu2
# Online cpu3
# 
# 
# ------------------------------------------------
# 
# ** Test: Running shuffle_frequency_for_all_cpus for 2 loops **
# 
# Governor backup done for policy0: schedutil
# 
# Switched governor for policy0 to userspace
# 
# cat: /sys/devices/system/cpu/cpufreq/policy0/scaling_available_frequencies: No such file or directory
# Available frequencies for policy0: 
# 
# 
# Governor restored for policy0 to schedutil
# 
# Governor backup done for policy1: schedutil
# 
# Switched governor for policy1 to userspace
# 
# cat: /sys/devices/system/cpu/cpufreq/policy1/scaling_available_frequencies: No such file or directory
# Available frequencies for policy1: 
# 
# 
# Governor restored for policy1 to schedutil
# 
# Governor backup done for policy2: schedutil
# 
# Switched governor for policy2 to userspace
# 
# cat: /sys/devices/system/cpu/cpufreq/policy2/scaling_available_frequencies: No such file or directory
# Available frequencies for policy2: 
# 
# 
# Governor restored for policy2 to schedutil
# 
# Governor backup done for policy3: schedutil
# 
# Switched governor for policy3 to userspace
# 
# cat: /sys/devices/system/cpu/cpufreq/policy3/scaling_available_frequencies: No such file or directory
# Available frequencies for policy3: 
# 
# 
# Governor restored for policy3 to schedutil
# 
# Governor backup done for policy0: schedutil
# 
# Switched governor for policy0 to userspace
# 
# cat: /sys/devices/system/cpu/cpufreq/policy0/scaling_available_frequencies: No such file or directory
# Available frequencies for policy0: 
# 
# 
# Governor restored for policy0 to schedutil
# 
# Governor backup done for policy1: schedutil
# 
# Switched governor for policy1 to userspace
# 
# cat: /sys/devices/system/cpu/cpufreq/policy1/scaling_available_frequencies: No such file or directory
# Available frequencies for policy1: 
# 
# 
# Governor restored for policy1 to schedutil
# 
# Governor backup done for policy2: schedutil
# 
# Switched governor for policy2 to userspace
# 
# cat: /sys/devices/system/cpu/cpufreq/policy2/scaling_available_frequencies: No such file or directory
# Available frequencies for policy2: 
# 
# 
# Governor restored for policy2 to schedutil
# 
# Governor backup done for policy3: schedutil
# 
# Switched governor for policy3 to userspace
# 
# cat: /sys/devices/system/cpu/cpufreq/policy3/scaling_available_frequencies: No such file or directory
# Available frequencies for policy3: 
# 
# 
# Governor restored for policy3 to schedutil
# 
# 
# ------------------------------------------------
# 
# ** Test: Running shuffle_governors_for_all_cpus for 1 loops **
# 
# Governor backup done for policy0: schedutil
# 
# Available governors for policy0: conservative ondemand userspace powersave performance schedutil 
# 
# Switched governor for policy0 to conservative
# 
# Printing directory: /sys/devices/system/cpu/cpufreq/conservative
# 
# down_threshold:20
# freq_step:5
# ignore_nice_load:0
# sampling_down_factor:1
# sampling_rate:2000
# up_threshold:80
# 
# 
# Switched governor for policy0 to ondemand
# 
# Printing directory: /sys/devices/system/cpu/cpufreq/ondemand
# 
# ignore_nice_load:0
# io_is_busy:1
# powersave_bias:0
# sampling_down_factor:1
# sampling_rate:2000
# up_threshold:95
# 
# 
# Switched governor for policy0 to userspace
# 
# No files to read for userspace governor
# 
# 
# Switched governor for policy0 to powersave
# 
# No files to read for powersave governor
# 
# 
# Switched governor for policy0 to performance
# 
# No files to read for performance governor
# 
# 
# Switched governor for policy0 to schedutil
# 
# Printing directory: /sys/devices/system/cpu/cpufreq/schedutil
# 
# rate_limit_us:500
# 
# Governor restored for policy0 to schedutil
# 
# Governor backup done for policy1: schedutil
# 
# Available governors for policy1: conservative ondemand userspace powersave performance schedutil 
# 
# Switched governor for policy1 to conservative
# 
# Printing directory: /sys/devices/system/cpu/cpufreq/conservative
# 
# down_threshold:20
# freq_step:5
# ignore_nice_load:0
# sampling_down_factor:1
# sampling_rate:2000
# up_threshold:80
# 
# 
# Switched governor for policy1 to ondemand
# 
# Printing directory: /sys/devices/system/cpu/cpufreq/ondemand
# 
# ignore_nice_load:0
# io_is_busy:1
# powersave_bias:0
# sampling_down_factor:1
# sampling_rate:2000
# up_threshold:95
# 
# 
# Switched governor for policy1 to userspace
# 
# No files to read for userspace governor
# 
# 
# Switched governor for policy1 to powersave
# 
# No files to read for powersave governor
# 
# 
# Switched governor for policy1 to performance
# 
# No files to read for performance governor
# 
# 
# Switched governor for policy1 to schedutil
# 
# Printing directory: /sys/devices/system/cpu/cpufreq/schedutil
# 
# rate_limit_us:500
# 
# Governor restored for policy1 to schedutil
# 
# Governor backup done for policy2: schedutil
# 
# Available governors for policy2: conservative ondemand userspace powersave performance schedutil 
# 
# Switched governor for policy2 to conservative
# 
# Printing directory: /sys/devices/system/cpu/cpufreq/conservative
# 
# down_threshold:20
# freq_step:5
# ignore_nice_load:0
# sampling_down_factor:1
# sampling_rate:2000
# up_threshold:80
# 
# 
# Switched governor for policy2 to ondemand
# 
# Printing directory: /sys/devices/system/cpu/cpufreq/ondemand
# 
# ignore_nice_load:0
# io_is_busy:1
# powersave_bias:0
# sampling_down_factor:1
# sampling_rate:2000
# up_threshold:95
# 
# 
# Switched governor for policy2 to userspace
# 
# No files to read for userspace governor
# 
# 
# Switched governor for policy2 to powersave
# 
# No files to read for powersave governor
# 
# 
# Switched governor for policy2 to performance
# 
# No files to read for performance governor
# 
# 
# Switched governor for policy2 to schedutil
# 
# Printing directory: /sys/devices/system/cpu/cpufreq/schedutil
# 
# rate_limit_us:500
# 
# Governor restored for policy2 to schedutil
# 
# Governor backup done for policy3: schedutil
# 
# Available governors for policy3: conservative ondemand userspace powersave performance schedutil 
# 
# Switched governor for policy3 to conservative
# 
# Printing directory: /sys/devices/system/cpu/cpufreq/conservative
# 
# down_threshold:20
# freq_step:5
# ignore_nice_load:0
# sampling_down_factor:1
# sampling_rate:2000
# up_threshold:80
# 
# 
# Switched governor for policy3 to ondemand
# 
# Printing directory: /sys/devices/system/cpu/cpufreq/ondemand
# 
# ignore_nice_load:0
# io_is_busy:1
# powersave_bias:0
# sampling_down_factor:1
# sampling_rate:2000
# up_threshold:95
# 
# 
# Switched governor for policy3 to userspace
# 
# No files to read for userspace governor
# 
# 
# Switched governor for policy3 to powersave
# 
# No files to read for powersave governor
# 
# 
# Switched governor for policy3 to performance
# 
# No files to read for performance governor
# 
# 
# Switched governor for policy3 to schedutil
# 
# Printing directory: /sys/devices/system/cpu/cpufreq/schedutil
# 
# rate_limit_us:500
# 
# Governor restored for policy3 to schedutil
# 
# ------------------------------------------------
# 
# ok 1 Completed successfully
# # Totals: pass:1 fail:0 xfail:0 xpass:0 skip:0 error:0
ok 1 selftests: cpufreq: main.sh
make[1]: Leaving directory '/home/armorer/development/linux/tools/testing/selftests/cpufreq'
make: Leaving directory '/home/armorer/development/linux/tools/testing/selftests'
